<?xml version="1.0" encoding="UTF-8"?>
<testng-results skipped="0" failed="0" total="1" passed="1">
  <reporter-output>
  </reporter-output>
  <suite name="Default suite" duration-ms="26226" started-at="2015-07-26T07:24:36Z" finished-at="2015-07-26T07:25:03Z">
    <groups>
    </groups>
    <test name="Default test" duration-ms="26226" started-at="2015-07-26T07:24:36Z" finished-at="2015-07-26T07:25:03Z">
      <class name="org.mercurytour.tests.FlightReservationTest">
        <test-method status="PASS" signature="beforeSuite(org.testng.ITestContext)[pri:0, instance:org.mercurytour.tests.FlightReservationTest@75b6ce70]" name="beforeSuite" is-config="true" duration-ms="80" started-at="2015-07-26T12:54:36Z" finished-at="2015-07-26T12:54:36Z">
          <params>
            <param index="0">
              <value>
                <![CDATA[org.testng.TestRunner@484ebeae]]>
              </value>
            </param>
          </params>
          <reporter-output>
          </reporter-output>
        </test-method> <!-- beforeSuite -->
        <test-method status="PASS" signature="beforeTestMethod(org.testng.ITestContext)[pri:0, instance:org.mercurytour.tests.FlightReservationTest@75b6ce70]" name="beforeTestMethod" is-config="true" duration-ms="11092" started-at="2015-07-26T12:54:36Z" finished-at="2015-07-26T12:54:48Z">
          <params>
            <param index="0">
              <value>
                <![CDATA[org.testng.TestRunner@484ebeae]]>
              </value>
            </param>
          </params>
          <reporter-output>
          </reporter-output>
        </test-method> <!-- beforeTestMethod -->
        <test-method status="PASS" signature="testFlightReservation()[pri:0, instance:org.mercurytour.tests.FlightReservationTest@75b6ce70]" name="testFlightReservation" duration-ms="13872" started-at="2015-07-26T12:54:48Z" finished-at="2015-07-26T12:55:01Z">
          <reporter-output>
          </reporter-output>
        </test-method> <!-- testFlightReservation -->
        <test-method status="PASS" signature="afterTestMethod(org.testng.ITestResult)[pri:0, instance:org.mercurytour.tests.FlightReservationTest@75b6ce70]" name="afterTestMethod" is-config="true" duration-ms="1166" started-at="2015-07-26T12:55:01Z" finished-at="2015-07-26T12:55:03Z">
          <params>
            <param index="0">
              <value>
                <![CDATA[[TestResult name=testFlightReservation status=SUCCESS method=FlightReservationTest.testFlightReservation()[pri:0, instance:org.mercurytour.tests.FlightReservationTest@75b6ce70] output={null}]]]>
              </value>
            </param>
          </params>
          <reporter-output>
          </reporter-output>
        </test-method> <!-- afterTestMethod -->
      </class> <!-- org.mercurytour.tests.FlightReservationTest -->
    </test> <!-- Default test -->
  </suite> <!-- Default suite -->
</testng-results>
